build/app/intermediates/manifest_merge_blame_file/debug/manifest-merger-blame-debug-report.txt
1<?xml version="1.0" encoding="utf-8"?>
2<manifest xmlns:android="http://schemas.android.com/apk/res/android"
3    package="com.peckishhuman.thebetteryou"
4    android:versionCode="7"
5    android:versionName="1.0.0" >
6
7    <uses-sdk
8        android:minSdkVersion="22"
9        android:targetSdkVersion="31" />
10    <!--
11         Flutter needs it to communicate with the running application
12         to allow setting breakpoints, to provide hot reload, etc.
13    -->
14    <uses-permission android:name="android.permission.INTERNET" />
14-->src\main\AndroidManifest.xml:3:5-67
14-->src\main\AndroidManifest.xml:3:22-64
15    <uses-permission android:name="android.permission.WAKE_LOCK" />
15-->[:firebase_messaging] AndroidManifest.xml:10:5-68
15-->[:firebase_messaging] AndroidManifest.xml:10:22-65
16    <uses-permission android:name="android.permission.ACCESS_NETWORK_STATE" /> <!-- Permissions options for the `notification` group -->
16-->[:firebase_messaging] AndroidManifest.xml:11:5-79
16-->[:firebase_messaging] AndroidManifest.xml:11:22-76
17    <uses-permission android:name="android.permission.POST_NOTIFICATIONS" /> <!-- Required by older versions of Google Play services to create IID tokens -->
17-->[:firebase_messaging] AndroidManifest.xml:13:5-77
17-->[:firebase_messaging] AndroidManifest.xml:13:22-74
18    <uses-permission android:name="com.google.android.c2dm.permission.RECEIVE" />
18-->[com.google.firebase:firebase-messaging:23.2.1] AndroidManifest.xml:26:5-82
18-->[com.google.firebase:firebase-messaging:23.2.1] AndroidManifest.xml:26:22-79
19    <uses-permission android:name="com.google.android.gms.permission.AD_ID" />
19-->[com.google.android.gms:play-services-measurement-api:21.3.0] AndroidManifest.xml:25:5-79
19-->[com.google.android.gms:play-services-measurement-api:21.3.0] AndroidManifest.xml:25:22-76
20
21    <queries>
21-->[androidx.media2:media2-session:1.2.1] AndroidManifest.xml:24:5-34:15
22        <intent>
22-->[androidx.media2:media2-session:1.2.1] AndroidManifest.xml:25:9-27:18
23            <action android:name="android.media.browse.MediaBrowserService" />
23-->[androidx.media2:media2-session:1.2.1] AndroidManifest.xml:26:13-79
23-->[androidx.media2:media2-session:1.2.1] AndroidManifest.xml:26:21-76
24        </intent>
25        <intent>
25-->[androidx.media2:media2-session:1.2.1] AndroidManifest.xml:28:9-30:18
26            <action android:name="androidx.media2.session.MediaSessionService" />
26-->[androidx.media2:media2-session:1.2.1] AndroidManifest.xml:29:13-82
26-->[androidx.media2:media2-session:1.2.1] AndroidManifest.xml:29:21-79
27        </intent>
28        <intent>
28-->[androidx.media2:media2-session:1.2.1] AndroidManifest.xml:31:9-33:18
29            <action android:name="androidx.media2.session.MediaLibraryService" />
29-->[androidx.media2:media2-session:1.2.1] AndroidManifest.xml:32:13-82
29-->[androidx.media2:media2-session:1.2.1] AndroidManifest.xml:32:21-79
30        </intent>
31    </queries>
32
33    <uses-permission android:name="com.google.android.finsky.permission.BIND_GET_INSTALL_REFERRER_SERVICE" />
33-->[com.google.android.gms:play-services-measurement:21.3.0] AndroidManifest.xml:26:5-110
33-->[com.google.android.gms:play-services-measurement:21.3.0] AndroidManifest.xml:26:22-107
34
35    <permission
35-->[androidx.core:core:1.10.1] AndroidManifest.xml:22:5-24:47
36        android:name="com.peckishhuman.thebetteryou.DYNAMIC_RECEIVER_NOT_EXPORTED_PERMISSION"
36-->[androidx.core:core:1.10.1] AndroidManifest.xml:23:9-81
37        android:protectionLevel="signature" />
37-->[androidx.core:core:1.10.1] AndroidManifest.xml:24:9-44
38
39    <uses-permission android:name="com.peckishhuman.thebetteryou.DYNAMIC_RECEIVER_NOT_EXPORTED_PERMISSION" /> <!-- <uses-permission android:name="android.permission.ACCESS_FINE_LOCATION" /> -->
39-->[androidx.core:core:1.10.1] AndroidManifest.xml:26:5-97
39-->[androidx.core:core:1.10.1] AndroidManifest.xml:26:22-94
40    <!-- <uses-permission android:name="android.permission.ACCESS_COARSE_LOCATION" /> -->
41    <application
41-->src\main\AndroidManifest.xml:6:4-53:19
42        android:appComponentFactory="androidx.core.app.CoreComponentFactory"
42-->[androidx.core:core:1.10.1] AndroidManifest.xml:28:18-86
43        android:debuggable="true"
44        android:icon="@mipmap/ic_launcher"
44-->src\main\AndroidManifest.xml:8:9-43
45        android:label="Better You" >
45-->src\main\AndroidManifest.xml:7:9-35
46        <activity
46-->src\main\AndroidManifest.xml:9:9-46:20
47            android:name="com.peckishhuman.thebetteryou.MainActivity"
47-->src\main\AndroidManifest.xml:10:13-41
48            android:configChanges="orientation|keyboardHidden|keyboard|screenSize|smallestScreenSize|locale|layoutDirection|fontScale|screenLayout|density|uiMode"
48-->src\main\AndroidManifest.xml:14:13-163
49            android:exported="true"
49-->src\main\AndroidManifest.xml:11:13-36
50            android:hardwareAccelerated="true"
50-->src\main\AndroidManifest.xml:15:13-47
51            android:launchMode="singleTop"
51-->src\main\AndroidManifest.xml:12:13-43
52            android:theme="@style/LaunchTheme"
52-->src\main\AndroidManifest.xml:13:13-47
53            android:windowSoftInputMode="adjustResize" >
53-->src\main\AndroidManifest.xml:16:13-55
54
55            <!-- > -->
56            <!-- android:exported=true -->
57            <!--
58                 Specifies an Android theme to apply to this Activity as soon as
59                 the Android process has started. This theme is visible to the user
60                 while the Flutter UI initializes. After that, this theme continues
61                 to determine the Window background behind the Flutter UI.
62            -->
63            <meta-data
63-->src\main\AndroidManifest.xml:23:13-26:17
64                android:name="io.flutter.embedding.android.NormalTheme"
64-->src\main\AndroidManifest.xml:24:15-70
65                android:resource="@style/NormalTheme" />
65-->src\main\AndroidManifest.xml:25:15-52
66            <!--
67                 Displays an Android View that continues showing the launch screen
68                 Drawable until Flutter paints its first frame, then this splash
69                 screen fades out. A splash screen is useful to avoid any visual
70                 gap between the end of Android's launch screen and the painting of
71                 Flutter's first frame.
72            -->
73            <meta-data
73-->src\main\AndroidManifest.xml:32:13-35:17
74                android:name="io.flutter.embedding.android.SplashScreenDrawable"
74-->src\main\AndroidManifest.xml:33:15-79
75                android:resource="@drawable/launch_background" />
75-->src\main\AndroidManifest.xml:34:15-61
76            <meta-data
76-->src\main\AndroidManifest.xml:37:15-40:7
77                android:name="com.google.firebase.messaging.default_notification_channel_id"
77-->src\main\AndroidManifest.xml:38:5-81
78                android:value="your_default_notification_channel_id" />
78-->src\main\AndroidManifest.xml:39:5-57
79
80            <intent-filter>
80-->src\main\AndroidManifest.xml:42:13-45:29
81                <action android:name="android.intent.action.MAIN" />
81-->src\main\AndroidManifest.xml:43:17-68
81-->src\main\AndroidManifest.xml:43:25-66
82
83                <category android:name="android.intent.category.LAUNCHER" />
83-->src\main\AndroidManifest.xml:44:17-76
83-->src\main\AndroidManifest.xml:44:27-74
84            </intent-filter>
85        </activity>
86        <!-- android:exported="true" -->
87        <!--
88             Don't delete the meta-data below.
89             This is used by the Flutter tool to generate GeneratedPluginRegistrant.java
90        -->
91        <meta-data
91-->src\main\AndroidManifest.xml:50:9-52:33
92            android:name="flutterEmbedding"
92-->src\main\AndroidManifest.xml:51:13-44
93            android:value="2" />
93-->src\main\AndroidManifest.xml:52:13-30
94
95        <service
95-->[:cloud_firestore] AndroidManifest.xml:10:9-14:19
96            android:name="com.google.firebase.components.ComponentDiscoveryService"
96-->[:cloud_firestore] AndroidManifest.xml:10:18-89
97            android:directBootAware="true"
97-->[com.google.firebase:firebase-common:20.3.3] AndroidManifest.xml:34:13-43
98            android:exported="false" >
98-->[com.google.firebase:firebase-analytics-ktx:21.3.0] AndroidManifest.xml:10:13-37
99            <meta-data
99-->[:cloud_firestore] AndroidManifest.xml:11:13-13:85
100                android:name="com.google.firebase.components:io.flutter.plugins.firebase.firestore.FlutterFirebaseFirestoreRegistrar"
100-->[:cloud_firestore] AndroidManifest.xml:12:17-134
101                android:value="com.google.firebase.components.ComponentRegistrar" />
101-->[:cloud_firestore] AndroidManifest.xml:13:17-82
102            <meta-data
102-->[:firebase_auth] AndroidManifest.xml:11:13-13:85
103                android:name="com.google.firebase.components:io.flutter.plugins.firebase.auth.FlutterFirebaseAuthRegistrar"
103-->[:firebase_auth] AndroidManifest.xml:12:17-124
104                android:value="com.google.firebase.components.ComponentRegistrar" />
104-->[:firebase_auth] AndroidManifest.xml:13:17-82
105            <meta-data
105-->[:firebase_messaging] AndroidManifest.xml:38:13-40:85
106                android:name="com.google.firebase.components:io.flutter.plugins.firebase.messaging.FlutterFirebaseAppRegistrar"
106-->[:firebase_messaging] AndroidManifest.xml:39:17-128
107                android:value="com.google.firebase.components.ComponentRegistrar" />
107-->[:firebase_messaging] AndroidManifest.xml:40:17-82
108            <meta-data
108-->[:firebase_core] AndroidManifest.xml:11:13-13:85
109                android:name="com.google.firebase.components:io.flutter.plugins.firebase.core.FlutterFirebaseCoreRegistrar"
109-->[:firebase_core] AndroidManifest.xml:12:17-124
110                android:value="com.google.firebase.components.ComponentRegistrar" />
110-->[:firebase_core] AndroidManifest.xml:13:17-82
111            <meta-data
111-->[com.google.firebase:firebase-analytics-ktx:21.3.0] AndroidManifest.xml:11:13-13:85
112                android:name="com.google.firebase.components:com.google.firebase.analytics.ktx.FirebaseAnalyticsKtxRegistrar"
112-->[com.google.firebase:firebase-analytics-ktx:21.3.0] AndroidManifest.xml:12:17-126
113                android:value="com.google.firebase.components.ComponentRegistrar" />
113-->[com.google.firebase:firebase-analytics-ktx:21.3.0] AndroidManifest.xml:13:17-82
114            <meta-data
114-->[com.google.firebase:firebase-common-ktx:20.3.3] AndroidManifest.xml:14:13-16:85
115                android:name="com.google.firebase.components:com.google.firebase.ktx.FirebaseCommonKtxRegistrar"
115-->[com.google.firebase:firebase-common-ktx:20.3.3] AndroidManifest.xml:15:17-113
116                android:value="com.google.firebase.components.ComponentRegistrar" />
116-->[com.google.firebase:firebase-common-ktx:20.3.3] AndroidManifest.xml:16:17-82
117            <meta-data
117-->[com.google.firebase:firebase-auth:22.1.2] AndroidManifest.xml:69:13-71:85
118                android:name="com.google.firebase.components:com.google.firebase.auth.FirebaseAuthRegistrar"
118-->[com.google.firebase:firebase-auth:22.1.2] AndroidManifest.xml:70:17-109
119                android:value="com.google.firebase.components.ComponentRegistrar" />
119-->[com.google.firebase:firebase-auth:22.1.2] AndroidManifest.xml:71:17-82
120            <meta-data
120-->[com.google.firebase:firebase-messaging:23.2.1] AndroidManifest.xml:53:13-55:85
121                android:name="com.google.firebase.components:com.google.firebase.messaging.FirebaseMessagingRegistrar"
121-->[com.google.firebase:firebase-messaging:23.2.1] AndroidManifest.xml:54:17-119
122                android:value="com.google.firebase.components.ComponentRegistrar" />
122-->[com.google.firebase:firebase-messaging:23.2.1] AndroidManifest.xml:55:17-82
123            <meta-data
123-->[com.google.firebase:firebase-datatransport:18.1.7] AndroidManifest.xml:27:13-29:85
124                android:name="com.google.firebase.components:com.google.firebase.datatransport.TransportRegistrar"
124-->[com.google.firebase:firebase-datatransport:18.1.7] AndroidManifest.xml:28:17-115
125                android:value="com.google.firebase.components.ComponentRegistrar" />
125-->[com.google.firebase:firebase-datatransport:18.1.7] AndroidManifest.xml:29:17-82
126            <meta-data
126-->[com.google.firebase:firebase-firestore:24.8.1] AndroidManifest.xml:17:13-19:85
127                android:name="com.google.firebase.components:com.google.firebase.firestore.FirestoreRegistrar"
127-->[com.google.firebase:firebase-firestore:24.8.1] AndroidManifest.xml:18:17-111
128                android:value="com.google.firebase.components.ComponentRegistrar" />
128-->[com.google.firebase:firebase-firestore:24.8.1] AndroidManifest.xml:19:17-82
129            <meta-data
129-->[com.google.firebase:firebase-iid:21.1.0] AndroidManifest.xml:32:13-34:85
130                android:name="com.google.firebase.components:com.google.firebase.iid.Registrar"
130-->[com.google.firebase:firebase-iid:21.1.0] AndroidManifest.xml:33:17-96
131                android:value="com.google.firebase.components.ComponentRegistrar" />
131-->[com.google.firebase:firebase-iid:21.1.0] AndroidManifest.xml:34:17-82
132            <meta-data
132-->[com.google.android.gms:play-services-measurement-api:21.3.0] AndroidManifest.xml:31:13-33:85
133                android:name="com.google.firebase.components:com.google.firebase.analytics.connector.internal.AnalyticsConnectorRegistrar"
133-->[com.google.android.gms:play-services-measurement-api:21.3.0] AndroidManifest.xml:32:17-139
134                android:value="com.google.firebase.components.ComponentRegistrar" />
134-->[com.google.android.gms:play-services-measurement-api:21.3.0] AndroidManifest.xml:33:17-82
135            <meta-data
135-->[com.google.firebase:firebase-installations:17.1.4] AndroidManifest.xml:15:13-17:85
136                android:name="com.google.firebase.components:com.google.firebase.installations.FirebaseInstallationsRegistrar"
136-->[com.google.firebase:firebase-installations:17.1.4] AndroidManifest.xml:16:17-127
137                android:value="com.google.firebase.components.ComponentRegistrar" />
137-->[com.google.firebase:firebase-installations:17.1.4] AndroidManifest.xml:17:17-82
138        </service>
139        <service
139-->[:firebase_messaging] AndroidManifest.xml:16:9-19:72
140            android:name="io.flutter.plugins.firebase.messaging.FlutterFirebaseMessagingBackgroundService"
140-->[:firebase_messaging] AndroidManifest.xml:17:13-107
141            android:exported="false"
141-->[:firebase_messaging] AndroidManifest.xml:18:13-37
142            android:permission="android.permission.BIND_JOB_SERVICE" />
142-->[:firebase_messaging] AndroidManifest.xml:19:13-69
143        <service
143-->[:firebase_messaging] AndroidManifest.xml:20:9-26:19
144            android:name="io.flutter.plugins.firebase.messaging.FlutterFirebaseMessagingService"
144-->[:firebase_messaging] AndroidManifest.xml:21:13-97
145            android:exported="false" >
145-->[:firebase_messaging] AndroidManifest.xml:22:13-37
146            <intent-filter>
146-->[:firebase_messaging] AndroidManifest.xml:23:13-25:29
147                <action android:name="com.google.firebase.MESSAGING_EVENT" />
147-->[:firebase_messaging] AndroidManifest.xml:24:17-78
147-->[:firebase_messaging] AndroidManifest.xml:24:25-75
148            </intent-filter>
149        </service>
150
151        <receiver
151-->[:firebase_messaging] AndroidManifest.xml:28:9-35:20
152            android:name="io.flutter.plugins.firebase.messaging.FlutterFirebaseMessagingReceiver"
152-->[:firebase_messaging] AndroidManifest.xml:29:13-98
153            android:exported="true"
153-->[:firebase_messaging] AndroidManifest.xml:30:13-36
154            android:permission="com.google.android.c2dm.permission.SEND" >
154-->[:firebase_messaging] AndroidManifest.xml:31:13-73
155            <intent-filter>
155-->[:firebase_messaging] AndroidManifest.xml:32:13-34:29
156                <action android:name="com.google.android.c2dm.intent.RECEIVE" />
156-->[:firebase_messaging] AndroidManifest.xml:33:17-81
156-->[:firebase_messaging] AndroidManifest.xml:33:25-78
157            </intent-filter>
158        </receiver>
159
160        <provider
160-->[:firebase_messaging] AndroidManifest.xml:43:9-47:38
161            android:name="io.flutter.plugins.firebase.messaging.FlutterFirebaseMessagingInitProvider"
161-->[:firebase_messaging] AndroidManifest.xml:44:13-102
162            android:authorities="com.peckishhuman.thebetteryou.flutterfirebasemessaginginitprovider"
162-->[:firebase_messaging] AndroidManifest.xml:45:13-88
163            android:exported="false"
163-->[:firebase_messaging] AndroidManifest.xml:46:13-37
164            android:initOrder="99" />
164-->[:firebase_messaging] AndroidManifest.xml:47:13-35
165
166        <activity
166-->[:url_launcher_android] AndroidManifest.xml:10:9-13:74
167            android:name="io.flutter.plugins.urllauncher.WebViewActivity"
167-->[:url_launcher_android] AndroidManifest.xml:11:13-74
168            android:exported="false"
168-->[:url_launcher_android] AndroidManifest.xml:12:13-37
169            android:theme="@android:style/Theme.NoTitleBar.Fullscreen" />
169-->[:url_launcher_android] AndroidManifest.xml:13:13-71
170
171        <provider
171-->[:share_plus] AndroidManifest.xml:10:9-18:20
172            android:name="dev.fluttercommunity.plus.share.ShareFileProvider"
172-->[:share_plus] AndroidManifest.xml:11:13-77
173            android:authorities="com.peckishhuman.thebetteryou.flutter.share_provider"
173-->[:share_plus] AndroidManifest.xml:12:13-74
174            android:exported="false"
174-->[:share_plus] AndroidManifest.xml:13:13-37
175            android:grantUriPermissions="true" >
175-->[:share_plus] AndroidManifest.xml:14:13-47
176            <meta-data
176-->[:share_plus] AndroidManifest.xml:15:13-17:68
177                android:name="android.support.FILE_PROVIDER_PATHS"
177-->[:share_plus] AndroidManifest.xml:16:17-67
178                android:resource="@xml/flutter_share_file_paths" />
178-->[:share_plus] AndroidManifest.xml:17:17-65
179        </provider>
180
181        <activity
181-->[com.google.firebase:firebase-auth:22.1.2] AndroidManifest.xml:29:9-46:20
182            android:name="com.google.firebase.auth.internal.GenericIdpActivity"
182-->[com.google.firebase:firebase-auth:22.1.2] AndroidManifest.xml:30:13-80
183            android:excludeFromRecents="true"
183-->[com.google.firebase:firebase-auth:22.1.2] AndroidManifest.xml:31:13-46
184            android:exported="true"
184-->[com.google.firebase:firebase-auth:22.1.2] AndroidManifest.xml:32:13-36
185            android:launchMode="singleTask"
185-->[com.google.firebase:firebase-auth:22.1.2] AndroidManifest.xml:33:13-44
186            android:theme="@android:style/Theme.Translucent.NoTitleBar" >
186-->[com.google.firebase:firebase-auth:22.1.2] AndroidManifest.xml:34:13-72
187            <intent-filter>
187-->[com.google.firebase:firebase-auth:22.1.2] AndroidManifest.xml:35:13-45:29
188                <action android:name="android.intent.action.VIEW" />
188-->[com.google.firebase:firebase-auth:22.1.2] AndroidManifest.xml:36:17-69
188-->[com.google.firebase:firebase-auth:22.1.2] AndroidManifest.xml:36:25-66
189
190                <category android:name="android.intent.category.DEFAULT" />
190-->[com.google.firebase:firebase-auth:22.1.2] AndroidManifest.xml:38:17-76
190-->[com.google.firebase:firebase-auth:22.1.2] AndroidManifest.xml:38:27-73
191                <category android:name="android.intent.category.BROWSABLE" />
191-->[com.google.firebase:firebase-auth:22.1.2] AndroidManifest.xml:39:17-78
191-->[com.google.firebase:firebase-auth:22.1.2] AndroidManifest.xml:39:27-75
192
193                <data
193-->[com.google.firebase:firebase-auth:22.1.2] AndroidManifest.xml:41:17-44:51
194                    android:host="firebase.auth"
194-->[com.google.firebase:firebase-auth:22.1.2] AndroidManifest.xml:42:21-49
195                    android:path="/"
195-->[com.google.firebase:firebase-auth:22.1.2] AndroidManifest.xml:43:21-37
196                    android:scheme="genericidp" />
196-->[com.google.firebase:firebase-auth:22.1.2] AndroidManifest.xml:44:21-48
197            </intent-filter>
198        </activity>
199        <activity
199-->[com.google.firebase:firebase-auth:22.1.2] AndroidManifest.xml:47:9-64:20
200            android:name="com.google.firebase.auth.internal.RecaptchaActivity"
200-->[com.google.firebase:firebase-auth:22.1.2] AndroidManifest.xml:48:13-79
201            android:excludeFromRecents="true"
201-->[com.google.firebase:firebase-auth:22.1.2] AndroidManifest.xml:49:13-46
202            android:exported="true"
202-->[com.google.firebase:firebase-auth:22.1.2] AndroidManifest.xml:50:13-36
203            android:launchMode="singleTask"
203-->[com.google.firebase:firebase-auth:22.1.2] AndroidManifest.xml:51:13-44
204            android:theme="@android:style/Theme.Translucent.NoTitleBar" >
204-->[com.google.firebase:firebase-auth:22.1.2] AndroidManifest.xml:52:13-72
205            <intent-filter>
205-->[com.google.firebase:firebase-auth:22.1.2] AndroidManifest.xml:53:13-63:29
206                <action android:name="android.intent.action.VIEW" />
206-->[com.google.firebase:firebase-auth:22.1.2] AndroidManifest.xml:36:17-69
206-->[com.google.firebase:firebase-auth:22.1.2] AndroidManifest.xml:36:25-66
207
208                <category android:name="android.intent.category.DEFAULT" />
208-->[com.google.firebase:firebase-auth:22.1.2] AndroidManifest.xml:38:17-76
208-->[com.google.firebase:firebase-auth:22.1.2] AndroidManifest.xml:38:27-73
209                <category android:name="android.intent.category.BROWSABLE" />
209-->[com.google.firebase:firebase-auth:22.1.2] AndroidManifest.xml:39:17-78
209-->[com.google.firebase:firebase-auth:22.1.2] AndroidManifest.xml:39:27-75
210
211                <data
211-->[com.google.firebase:firebase-auth:22.1.2] AndroidManifest.xml:41:17-44:51
212                    android:host="firebase.auth"
212-->[com.google.firebase:firebase-auth:22.1.2] AndroidManifest.xml:42:21-49
213                    android:path="/"
213-->[com.google.firebase:firebase-auth:22.1.2] AndroidManifest.xml:43:21-37
214                    android:scheme="recaptcha" />
214-->[com.google.firebase:firebase-auth:22.1.2] AndroidManifest.xml:44:21-48
215            </intent-filter>
216        </activity>
217
218        <uses-library
218-->[androidx.window:window:1.0.0-beta04] AndroidManifest.xml:25:9-27:40
219            android:name="androidx.window.extensions"
219-->[androidx.window:window:1.0.0-beta04] AndroidManifest.xml:26:13-54
220            android:required="false" />
220-->[androidx.window:window:1.0.0-beta04] AndroidManifest.xml:27:13-37
221        <uses-library
221-->[androidx.window:window:1.0.0-beta04] AndroidManifest.xml:28:9-30:40
222            android:name="androidx.window.sidecar"
222-->[androidx.window:window:1.0.0-beta04] AndroidManifest.xml:29:13-51
223            android:required="false" />
223-->[androidx.window:window:1.0.0-beta04] AndroidManifest.xml:30:13-37
224
225        <receiver
225-->[com.google.firebase:firebase-messaging:23.2.1] AndroidManifest.xml:29:9-36:20
226            android:name="com.google.firebase.iid.FirebaseInstanceIdReceiver"
226-->[com.google.firebase:firebase-messaging:23.2.1] AndroidManifest.xml:30:13-78
227            android:exported="true"
227-->[com.google.firebase:firebase-messaging:23.2.1] AndroidManifest.xml:31:13-36
228            android:permission="com.google.android.c2dm.permission.SEND" >
228-->[com.google.firebase:firebase-messaging:23.2.1] AndroidManifest.xml:32:13-73
229            <intent-filter>
229-->[:firebase_messaging] AndroidManifest.xml:32:13-34:29
230                <action android:name="com.google.android.c2dm.intent.RECEIVE" />
230-->[:firebase_messaging] AndroidManifest.xml:33:17-81
230-->[:firebase_messaging] AndroidManifest.xml:33:25-78
231            </intent-filter>
232        </receiver>
233        <!--
234             FirebaseMessagingService performs security checks at runtime,
235             but set to not exported to explicitly avoid allowing another app to call it.
236        -->
237        <service
237-->[com.google.firebase:firebase-messaging:23.2.1] AndroidManifest.xml:42:9-49:19
238            android:name="com.google.firebase.messaging.FirebaseMessagingService"
238-->[com.google.firebase:firebase-messaging:23.2.1] AndroidManifest.xml:43:13-82
239            android:directBootAware="true"
239-->[com.google.firebase:firebase-messaging:23.2.1] AndroidManifest.xml:44:13-43
240            android:exported="false" >
240-->[com.google.firebase:firebase-messaging:23.2.1] AndroidManifest.xml:45:13-37
241            <intent-filter android:priority="-500" >
241-->[:firebase_messaging] AndroidManifest.xml:23:13-25:29
242                <action android:name="com.google.firebase.MESSAGING_EVENT" />
242-->[:firebase_messaging] AndroidManifest.xml:24:17-78
242-->[:firebase_messaging] AndroidManifest.xml:24:25-75
243            </intent-filter>
244        </service>
245        <service
245-->[com.google.android.datatransport:transport-backend-cct:3.1.8] AndroidManifest.xml:28:9-34:19
246            android:name="com.google.android.datatransport.runtime.backends.TransportBackendDiscovery"
246-->[com.google.android.datatransport:transport-backend-cct:3.1.8] AndroidManifest.xml:29:13-103
247            android:exported="false" >
247-->[com.google.android.datatransport:transport-backend-cct:3.1.8] AndroidManifest.xml:30:13-37
248            <meta-data
248-->[com.google.android.datatransport:transport-backend-cct:3.1.8] AndroidManifest.xml:31:13-33:39
249                android:name="backend:com.google.android.datatransport.cct.CctBackendFactory"
249-->[com.google.android.datatransport:transport-backend-cct:3.1.8] AndroidManifest.xml:32:17-94
250                android:value="cct" />
250-->[com.google.android.datatransport:transport-backend-cct:3.1.8] AndroidManifest.xml:33:17-36
251        </service>
252        <service
252-->[com.google.android.datatransport:transport-runtime:3.1.8] AndroidManifest.xml:26:9-30:19
253            android:name="com.google.android.datatransport.runtime.scheduling.jobscheduling.JobInfoSchedulerService"
253-->[com.google.android.datatransport:transport-runtime:3.1.8] AndroidManifest.xml:27:13-117
254            android:exported="false"
254-->[com.google.android.datatransport:transport-runtime:3.1.8] AndroidManifest.xml:28:13-37
255            android:permission="android.permission.BIND_JOB_SERVICE" >
255-->[com.google.android.datatransport:transport-runtime:3.1.8] AndroidManifest.xml:29:13-69
256        </service>
257
258        <receiver
258-->[com.google.android.datatransport:transport-runtime:3.1.8] AndroidManifest.xml:32:9-34:40
259            android:name="com.google.android.datatransport.runtime.scheduling.jobscheduling.AlarmManagerSchedulerBroadcastReceiver"
259-->[com.google.android.datatransport:transport-runtime:3.1.8] AndroidManifest.xml:33:13-132
260            android:exported="false" />
260-->[com.google.android.datatransport:transport-runtime:3.1.8] AndroidManifest.xml:34:13-37
261
262        <provider
262-->[com.google.firebase:firebase-common:20.3.3] AndroidManifest.xml:25:9-30:39
263            android:name="com.google.firebase.provider.FirebaseInitProvider"
263-->[com.google.firebase:firebase-common:20.3.3] AndroidManifest.xml:26:13-77
264            android:authorities="com.peckishhuman.thebetteryou.firebaseinitprovider"
264-->[com.google.firebase:firebase-common:20.3.3] AndroidManifest.xml:27:13-72
265            android:directBootAware="true"
265-->[com.google.firebase:firebase-common:20.3.3] AndroidManifest.xml:28:13-43
266            android:exported="false"
266-->[com.google.firebase:firebase-common:20.3.3] AndroidManifest.xml:29:13-37
267            android:initOrder="100" />
267-->[com.google.firebase:firebase-common:20.3.3] AndroidManifest.xml:30:13-36
268
269        <receiver
269-->[com.google.android.gms:play-services-measurement:21.3.0] AndroidManifest.xml:29:9-33:20
270            android:name="com.google.android.gms.measurement.AppMeasurementReceiver"
270-->[com.google.android.gms:play-services-measurement:21.3.0] AndroidManifest.xml:30:13-85
271            android:enabled="true"
271-->[com.google.android.gms:play-services-measurement:21.3.0] AndroidManifest.xml:31:13-35
272            android:exported="false" >
272-->[com.google.android.gms:play-services-measurement:21.3.0] AndroidManifest.xml:32:13-37
273        </receiver>
274
275        <service
275-->[com.google.android.gms:play-services-measurement:21.3.0] AndroidManifest.xml:35:9-38:40
276            android:name="com.google.android.gms.measurement.AppMeasurementService"
276-->[com.google.android.gms:play-services-measurement:21.3.0] AndroidManifest.xml:36:13-84
277            android:enabled="true"
277-->[com.google.android.gms:play-services-measurement:21.3.0] AndroidManifest.xml:37:13-35
278            android:exported="false" />
278-->[com.google.android.gms:play-services-measurement:21.3.0] AndroidManifest.xml:38:13-37
279        <service
279-->[com.google.android.gms:play-services-measurement:21.3.0] AndroidManifest.xml:39:9-43:72
280            android:name="com.google.android.gms.measurement.AppMeasurementJobService"
280-->[com.google.android.gms:play-services-measurement:21.3.0] AndroidManifest.xml:40:13-87
281            android:enabled="true"
281-->[com.google.android.gms:play-services-measurement:21.3.0] AndroidManifest.xml:41:13-35
282            android:exported="false"